<?xml version="1.0" encoding="UTF-8"?>
<!-- Generated by org.testng.reporters.JUnitReportReporter -->
<testsuite hostname="DESKTOP-U5SUVO0" failures="0" tests="3" name="Util.SS_Electronics_07_Test" time="37.777" errors="0" timestamp="2024-04-04T10:47:07 IST" skipped="0">
  <testcase classname="Util.SS_Electronics_07_Test" name="TestCase" time="20.292">
    <system-out>
      <![CDATA[EXECUATION STARTED-> TestCase
EXECUATION DONE SUCCESSFULLY-> TestCase]]>
    </system-out>
  </testcase> <!-- TestCase -->
  <testcase classname="Util.SS_Electronics_07_Test" name="login" time="17.274">
    <system-out>
      <![CDATA[EXECUATION STARTED-> login
EXECUATION DONE SUCCESSFULLY-> login]]>
    </system-out>
  </testcase> <!-- login -->
  <testcase classname="Util.SS_Electronics_07_Test" name="testCase_07" time="0.211">
    <system-out>
      <![CDATA[EXECUATION STARTED-> testCase_07
EXECUATION DONE SUCCESSFULLY-> testCase_07]]>
    </system-out>
  </testcase> <!-- testCase_07 -->
  <system-out>
    <![CDATA[EXECUATION STARTED-> login
EXECUATION DONE SUCCESSFULLY-> login
EXECUATION STARTED-> TestCase
EXECUATION DONE SUCCESSFULLY-> TestCase
EXECUATION STARTED-> testCase_07
EXECUATION DONE SUCCESSFULLY-> testCase_07]]>
  </system-out>
</testsuite> <!-- Util.SS_Electronics_07_Test -->
